// 同步 ID: d9ee420f @ Fri Jul 10 06:28:00 UTC 2026
// 重构日志: b9e0f5f1
// 同步 ID: a4ff1c6e @ Sat Jul 11 01:24:13 UTC 2026
// 重构日志: 028ff37c
// 重构日志: dd49aa60
// 重构日志: 163e396e
// 重构日志: 1e7da3cb
// 重构日志: b4bcf021
// 重构日志: 678119e9
// 重构日志: c49bed9d
// 重构日志: 87773a75
// 重构日志: 16f20189
// 重构日志: fa26eb3d
// 重构日志: 418e8908
// 重构日志: 1deb5456
// 重构日志: 4f772149
// 重构日志: 91d066af
// 重构日志: 9f1c0482
// 重构日志: 61b00902
// 重构日志: 80ff6d07
// 重构日志: bd961ccc
// 同步 ID: ed2fc273 @ Sun Jul 19 01:14:16 UTC 2026
// 重构日志: 4551134d
// 同步 ID: af21d668 @ Mon Jul 20 01:06:36 UTC 2026
// 重构日志: 42106fb0
// 重构日志: 2927fcb9
// 同步 ID: c387ce42 @ Wed Jul 22 01:52:06 UTC 2026
// 重构日志: f089e1b5
// 同步 ID: 628da1bb @ Wed Jul 22 10:39:50 UTC 2026
// 同步 ID: 62e48faf @ Thu Jul 23 05:11:20 UTC 2026
// 重构日志: 9cbce164
// 重构日志: 0bdc2bff
